17:19:33 **** Incremental Build of configuration Debug for project 03_SPI_Driver ****
make -j4 all 
arm-none-eabi-gcc "../Drivers/Src/stm32l4_spi_driver.c" -mcpu=cortex-m4 -std=gnu11 -g3 -DDEBUG -DSTM32L4 -DSTM32 -DNUCLEO_L476RG -DSTM32L476RGTx -c -I"C:/Users/KOPPOLU MOUNIKA/OneDrive - BITSILICA Pvt. Ltd/Desktop/stm32/03/Drivers/Inc" -O0 -ffunction-sections -fdata-sections -Wall -fstack-usage -fcyclomatic-complexity -MMD -MP -MF"Drivers/Src/stm32l4_spi_driver.d" -MT"Drivers/Src/stm32l4_spi_driver.o" --specs=nano.specs -mfpu=fpv4-sp-d16 -mfloat-abi=hard -mthumb -o "Drivers/Src/stm32l4_spi_driver.o"
arm-none-eabi-gcc -o "03_SPI_Driver.elf" @"objects.list"   -mcpu=cortex-m4 -T"C:\Users\KOPPOLU MOUNIKA\OneDrive - BITSILICA Pvt. Ltd\Desktop\stm32\03\STM32L476RGTX_FLASH.ld" --specs=nosys.specs -Wl,-Map="03_SPI_Driver.map" -Wl,--gc-sections -static --specs=nano.specs -mfpu=fpv4-sp-d16 -mfloat-abi=hard -mthumb -Wl,--start-group -lc -lm -Wl,--end-group
Finished building target: 03_SPI_Driver.elf
 
arm-none-eabi-size  03_SPI_Driver.elf 
arm-none-eabi-objdump -h -S 03_SPI_Driver.elf  > "03_SPI_Driver.list"
   text	   data	    bss	    dec	    hex	filename
    892	      0	   1568	   2460	    99c	03_SPI_Driver.elf
Finished building: default.size.stdout
 
Finished building: 03_SPI_Driver.list
 
17:21:14 **** Incremental Build of configuration Debug for project 03_SPI_Driver ****
make -j4 all 
arm-none-eabi-size  03_SPI_Driver.elf 
   text	   data	    bss	    dec	    hex	filename
    892	      0	   1568	   2460	    99c	03_SPI_Driver.elf
Finished building: default.size.stdout
 
17:23:04 **** Incremental Build of configuration Debug for project 03_SPI_Driver ****
make -j4 all 
arm-none-eabi-size  03_SPI_Driver.elf 
   text	   data	    bss	    dec	    hex	filename
    892	      0	   1568	   2460	    99c	03_SPI_Driver.elf
Finished building: default.size.stdout
 
17:28:27 **** Incremental Build of configuration Debug for project 03_SPI_Driver ****
make -j4 all 
arm-none-eabi-size  03_SPI_Driver.elf 
   text	   data	    bss	    dec	    hex	filename
    892	      0	   1568	   2460	    99c	03_SPI_Driver.elf
Finished building: default.size.stdout
 
